Determining if the pthread_create exist failed with the following output:
Change Dir: /home/zjw/slambook/RGB-Dslam/build/CMakeFiles/CMakeTmp

Run Build Command:"/usr/bin/make" "cmTC_3048e/fast"
make[1]: Entering directory '/home/zjw/slambook/RGB-Dslam/build/CMakeFiles/CMakeTmp'
/usr/bin/make -f CMakeFiles/cmTC_3048e.dir/build.make CMakeFiles/cmTC_3048e.dir/build
make[2]: Entering directory '/home/zjw/slambook/RGB-Dslam/build/CMakeFiles/CMakeTmp'
Building C object CMakeFiles/cmTC_3048e.dir/CheckSymbolExists.c.o
/usr/bin/cc     -o CMakeFiles/cmTC_3048e.dir/CheckSymbolExists.c.o   -c /home/zjw/slambook/RGB-Dslam/build/CMakeFiles/CMakeTmp/CheckSymbolExists.c
Linking C executable cmTC_3048e
/usr/bin/cmake -E cmake_link_script CMakeFiles/cmTC_3048e.dir/link.txt --verbose=1
/usr/bin/cc       CMakeFiles/cmTC_3048e.dir/CheckSymbolExists.c.o  -o cmTC_3048e -rdynamic 
CMakeFiles/cmTC_3048e.dir/CheckSymbolExists.c.o: In function `main':
CheckSymbolExists.c:(.text+0x16): undefined reference to `pthread_create'
collect2: error: ld returned 1 exit status
CMakeFiles/cmTC_3048e.dir/build.make:97: recipe for target 'cmTC_3048e' failed
make[2]: *** [cmTC_3048e] Error 1
make[2]: Leaving directory '/home/zjw/slambook/RGB-Dslam/build/CMakeFiles/CMakeTmp'
Makefile:126: recipe for target 'cmTC_3048e/fast' failed
make[1]: *** [cmTC_3048e/fast] Error 2
make[1]: Leaving directory '/home/zjw/slambook/RGB-Dslam/build/CMakeFiles/CMakeTmp'

File /home/zjw/slambook/RGB-Dslam/build/CMakeFiles/CMakeTmp/CheckSymbolExists.c:
/* */
#include <pthread.h>

int main(int argc, char** argv)
{
  (void)argv;
#ifndef pthread_create
  return ((int*)(&pthread_create))[argc];
#else
  (void)argc;
  return 0;
#endif
}

Determining if the function pthread_create exists in the pthreads failed with the following output:
Change Dir: /home/zjw/slambook/RGB-Dslam/build/CMakeFiles/CMakeTmp

Run Build Command:"/usr/bin/make" "cmTC_a4407/fast"
make[1]: Entering directory '/home/zjw/slambook/RGB-Dslam/build/CMakeFiles/CMakeTmp'
/usr/bin/make -f CMakeFiles/cmTC_a4407.dir/build.make CMakeFiles/cmTC_a4407.dir/build
make[2]: Entering directory '/home/zjw/slambook/RGB-Dslam/build/CMakeFiles/CMakeTmp'
Building C object CMakeFiles/cmTC_a4407.dir/CheckFunctionExists.c.o
/usr/bin/cc    -DCHECK_FUNCTION_EXISTS=pthread_create   -o CMakeFiles/cmTC_a4407.dir/CheckFunctionExists.c.o   -c /usr/share/cmake-3.5/Modules/CheckFunctionExists.c
Linking C executable cmTC_a4407
/usr/bin/cmake -E cmake_link_script CMakeFiles/cmTC_a4407.dir/link.txt --verbose=1
/usr/bin/cc   -DCHECK_FUNCTION_EXISTS=pthread_create    CMakeFiles/cmTC_a4407.dir/CheckFunctionExists.c.o  -o cmTC_a4407 -rdynamic -lpthreads 
/usr/bin/ld: cannot find -lpthreads
collect2: error: ld returned 1 exit status
CMakeFiles/cmTC_a4407.dir/build.make:97: recipe for target 'cmTC_a4407' failed
make[2]: *** [cmTC_a4407] Error 1
make[2]: Leaving directory '/home/zjw/slambook/RGB-Dslam/build/CMakeFiles/CMakeTmp'
Makefile:126: recipe for target 'cmTC_a4407/fast' failed
make[1]: *** [cmTC_a4407/fast] Error 2
make[1]: Leaving directory '/home/zjw/slambook/RGB-Dslam/build/CMakeFiles/CMakeTmp'


